<?xml version="1.0" encoding="UTF-8"?>
<!-- Generated by org.testng.reporters.JUnitXMLReporter -->
<testsuite ignored="0" hostname="LAPTOP-5DI2CVL8" failures="0" tests="5" name="Default test" time="0.233" errors="0" timestamp="2021-05-08T20:51:39 IST">
  <testcase classname="com.TestNG_Project.Invocation_Count" name="launchBrowser" time="0.029"/>
  <testcase classname="com.TestNG_Project.Invocation_Count" name="refresh" time="0.005"/>
  <testcase classname="com.TestNG_Project.Invocation_Count" name="refresh" time="0.011"/>
  <testcase classname="com.TestNG_Project.Invocation_Count" name="refresh" time="0.007"/>
  <testcase classname="com.TestNG_Project.Invocation_Count" name="url" time="0.006"/>
</testsuite> <!-- Default test -->
