<?xml version="1.0" encoding="UTF-8"?>
<!-- Generated by org.testng.reporters.JUnitXMLReporter -->
<testsuite ignored="1" hostname="LAPTOP-5DI2CVL8" failures="0" tests="3" name="Test" time="0.197" errors="0" timestamp="2021-05-08T19:59:40 IST">
  <testcase classname="com.TestNG_Project.TestIgnore" name="earphone" time="0.028"/>
  <testcase classname="com.TestNG_Project.TestIgnore" name="laptop" time="0.005"/>
  <testcase classname="com.TestNG_Project.TestIgnore" name="mobile" time="0.006"/>
  <testcase classname="com.TestNG_Project.TestIgnore" name="powerbank" time="0.0">
    <ignored/>
  </testcase> <!-- powerbank -->
</testsuite> <!-- Test -->
