<?xml version="1.0" encoding="UTF-8"?>
<testng-results ignored="0" total="5" passed="5" failed="0" skipped="0">
  <reporter-output>
  </reporter-output>
  <suite started-at="2021-05-08T20:51:39 IST" name="Default suite" finished-at="2021-05-08T20:51:39 IST" duration-ms="233">
    <groups>
    </groups>
    <test started-at="2021-05-08T20:51:39 IST" name="Default test" finished-at="2021-05-08T20:51:39 IST" duration-ms="233">
      <class name="com.TestNG_Project.Invocation_Count">
        <test-method signature="launchBrowser()[pri:0, instance:com.TestNG_Project.Invocation_Count@4d910fd6]" started-at="2021-05-08T20:51:39 IST" name="launchBrowser" finished-at="2021-05-08T20:51:39 IST" duration-ms="29" status="PASS">
          <reporter-output>
          </reporter-output>
        </test-method> <!-- launchBrowser -->
        <test-method signature="refresh()[pri:0, instance:com.TestNG_Project.Invocation_Count@4d910fd6]" started-at="2021-05-08T20:51:39 IST" name="refresh" finished-at="2021-05-08T20:51:39 IST" duration-ms="5" status="PASS">
          <reporter-output>
          </reporter-output>
        </test-method> <!-- refresh -->
        <test-method signature="refresh()[pri:0, instance:com.TestNG_Project.Invocation_Count@4d910fd6]" started-at="2021-05-08T20:51:39 IST" name="refresh" finished-at="2021-05-08T20:51:39 IST" duration-ms="11" status="PASS">
          <reporter-output>
          </reporter-output>
        </test-method> <!-- refresh -->
        <test-method signature="refresh()[pri:0, instance:com.TestNG_Project.Invocation_Count@4d910fd6]" started-at="2021-05-08T20:51:39 IST" name="refresh" finished-at="2021-05-08T20:51:39 IST" duration-ms="7" status="PASS">
          <reporter-output>
          </reporter-output>
        </test-method> <!-- refresh -->
        <test-method signature="url()[pri:0, instance:com.TestNG_Project.Invocation_Count@4d910fd6]" started-at="2021-05-08T20:51:39 IST" name="url" finished-at="2021-05-08T20:51:39 IST" duration-ms="6" status="PASS">
          <reporter-output>
          </reporter-output>
        </test-method> <!-- url -->
      </class> <!-- com.TestNG_Project.Invocation_Count -->
    </test> <!-- Default test -->
  </suite> <!-- Default suite -->
</testng-results>
